[2016-08-22 21:31:26.125] [WARN] http - ::1 - - "GET / HTTP/1.1" 304 - "" "Mozilla/5.0 (Windows NT 6.1; WOW64) AppleWebKit/537.36 (KHTML, like Gecko) Chrome/49.0.2623.110 Safari/537.36"
[2016-08-22 21:31:50.144] [ERROR] http - ::1 - - "GET /html/index.html HTTP/1.1" 404 321 "" "Mozilla/5.0 (Windows NT 6.1; WOW64) AppleWebKit/537.36 (KHTML, like Gecko) Chrome/49.0.2623.110 Safari/537.36"
[2016-08-22 21:31:50.289] [WARN] http - ::1 - - "GET /public/plugin/bootstrap-3.3.5-dist/css/bootstrap.min.css HTTP/1.1" 304 - "http://localhost:3000/html/index.html" "Mozilla/5.0 (Windows NT 6.1; WOW64) AppleWebKit/537.36 (KHTML, like Gecko) Chrome/49.0.2623.110 Safari/537.36"
[2016-08-22 21:31:50.296] [WARN] http - ::1 - - "GET /public/plugin/bootstrap-3.3.5-dist/js/bootstrap.min.js HTTP/1.1" 304 - "http://localhost:3000/html/index.html" "Mozilla/5.0 (Windows NT 6.1; WOW64) AppleWebKit/537.36 (KHTML, like Gecko) Chrome/49.0.2623.110 Safari/537.36"
[2016-08-22 21:31:56.534] [ERROR] http - ::1 - - "GET /publichtml/index.html HTTP/1.1" 404 321 "" "Mozilla/5.0 (Windows NT 6.1; WOW64) AppleWebKit/537.36 (KHTML, like Gecko) Chrome/49.0.2623.110 Safari/537.36"
[2016-08-22 21:31:56.602] [WARN] http - ::1 - - "GET /public/plugin/bootstrap-3.3.5-dist/css/bootstrap.min.css HTTP/1.1" 304 - "http://localhost:3000/publichtml/index.html" "Mozilla/5.0 (Windows NT 6.1; WOW64) AppleWebKit/537.36 (KHTML, like Gecko) Chrome/49.0.2623.110 Safari/537.36"
[2016-08-22 21:31:56.605] [WARN] http - ::1 - - "GET /public/plugin/bootstrap-3.3.5-dist/js/bootstrap.min.js HTTP/1.1" 304 - "http://localhost:3000/publichtml/index.html" "Mozilla/5.0 (Windows NT 6.1; WOW64) AppleWebKit/537.36 (KHTML, like Gecko) Chrome/49.0.2623.110 Safari/537.36"
[2016-08-22 21:31:59.549] [INFO] http - ::1 - - "GET /public/html/index.html HTTP/1.1" 200 1547 "" "Mozilla/5.0 (Windows NT 6.1; WOW64) AppleWebKit/537.36 (KHTML, like Gecko) Chrome/49.0.2623.110 Safari/537.36"
[2016-08-22 21:31:59.630] [WARN] http - ::1 - - "GET /public/plugin/bootstrap-3.3.5-dist/css/bootstrap.min.css HTTP/1.1" 304 - "http://localhost:3000/public/html/index.html" "Mozilla/5.0 (Windows NT 6.1; WOW64) AppleWebKit/537.36 (KHTML, like Gecko) Chrome/49.0.2623.110 Safari/537.36"
[2016-08-22 21:32:31.907] [INFO] http - ::1 - - "GET /public/html/index.html HTTP/1.1" 200 1546 "" "Mozilla/5.0 (Windows NT 6.1; WOW64) AppleWebKit/537.36 (KHTML, like Gecko) Chrome/49.0.2623.110 Safari/537.36"
[2016-08-22 21:32:32.082] [WARN] http - ::1 - - "GET /public/plugin/bootstrap-3.3.5-dist/css/bootstrap.min.css HTTP/1.1" 304 - "http://localhost:3000/public/html/index.html" "Mozilla/5.0 (Windows NT 6.1; WOW64) AppleWebKit/537.36 (KHTML, like Gecko) Chrome/49.0.2623.110 Safari/537.36"
[2016-08-22 21:32:37.055] [ERROR] http - ::1 - - "GET /public/html/login?name=ces&password=21w21 HTTP/1.1" 404 321 "http://localhost:3000/public/html/index.html" "Mozilla/5.0 (Windows NT 6.1; WOW64) AppleWebKit/537.36 (KHTML, like Gecko) Chrome/49.0.2623.110 Safari/537.36"
[2016-08-22 21:32:37.195] [WARN] http - ::1 - - "GET /public/plugin/bootstrap-3.3.5-dist/css/bootstrap.min.css HTTP/1.1" 304 - "http://localhost:3000/public/html/login?name=ces&password=21w21" "Mozilla/5.0 (Windows NT 6.1; WOW64) AppleWebKit/537.36 (KHTML, like Gecko) Chrome/49.0.2623.110 Safari/537.36"
[2016-08-22 21:32:37.203] [WARN] http - ::1 - - "GET /public/plugin/bootstrap-3.3.5-dist/js/bootstrap.min.js HTTP/1.1" 304 - "http://localhost:3000/public/html/login?name=ces&password=21w21" "Mozilla/5.0 (Windows NT 6.1; WOW64) AppleWebKit/537.36 (KHTML, like Gecko) Chrome/49.0.2623.110 Safari/537.36"
[2016-08-22 21:32:58.616] [ERROR] http - ::1 - - "GET /public/html/login?name=ces&password= HTTP/1.1" 404 321 "http://localhost:3000/public/html/index.html" "Mozilla/5.0 (Windows NT 6.1; WOW64) AppleWebKit/537.36 (KHTML, like Gecko) Chrome/49.0.2623.110 Safari/537.36"
[2016-08-22 21:32:58.691] [WARN] http - ::1 - - "GET /public/plugin/bootstrap-3.3.5-dist/css/bootstrap.min.css HTTP/1.1" 304 - "http://localhost:3000/public/html/login?name=ces&password=" "Mozilla/5.0 (Windows NT 6.1; WOW64) AppleWebKit/537.36 (KHTML, like Gecko) Chrome/49.0.2623.110 Safari/537.36"
[2016-08-22 21:32:58.693] [WARN] http - ::1 - - "GET /public/plugin/bootstrap-3.3.5-dist/js/bootstrap.min.js HTTP/1.1" 304 - "http://localhost:3000/public/html/login?name=ces&password=" "Mozilla/5.0 (Windows NT 6.1; WOW64) AppleWebKit/537.36 (KHTML, like Gecko) Chrome/49.0.2623.110 Safari/537.36"
[2016-08-22 21:33:48.367] [WARN] http - ::1 - - "GET /public/html/index.html HTTP/1.1" 304 - "" "Mozilla/5.0 (Windows NT 6.1; WOW64) AppleWebKit/537.36 (KHTML, like Gecko) Chrome/49.0.2623.110 Safari/537.36"
[2016-08-22 21:33:48.452] [WARN] http - ::1 - - "GET /public/plugin/bootstrap-3.3.5-dist/css/bootstrap.min.css HTTP/1.1" 304 - "http://localhost:3000/public/html/index.html" "Mozilla/5.0 (Windows NT 6.1; WOW64) AppleWebKit/537.36 (KHTML, like Gecko) Chrome/49.0.2623.110 Safari/537.36"
[2016-08-22 21:33:48.546] [WARN] http - ::1 - - "GET /public/html/index.html HTTP/1.1" 304 - "" "Mozilla/5.0 (Windows NT 6.1; WOW64) AppleWebKit/537.36 (KHTML, like Gecko) Chrome/49.0.2623.110 Safari/537.36"
[2016-08-22 21:34:05.510] [ERROR] http - ::1 - - "GET /public/html/login?name=dsadsadas&password=sadsadas HTTP/1.1" 404 321 "http://localhost:3000/public/html/index.html" "Mozilla/5.0 (Windows NT 6.1; WOW64) AppleWebKit/537.36 (KHTML, like Gecko) Chrome/49.0.2623.110 Safari/537.36"
[2016-08-22 21:34:05.590] [WARN] http - ::1 - - "GET /public/plugin/bootstrap-3.3.5-dist/css/bootstrap.min.css HTTP/1.1" 304 - "http://localhost:3000/public/html/login?name=dsadsadas&password=sadsadas" "Mozilla/5.0 (Windows NT 6.1; WOW64) AppleWebKit/537.36 (KHTML, like Gecko) Chrome/49.0.2623.110 Safari/537.36"
[2016-08-22 21:34:05.597] [WARN] http - ::1 - - "GET /public/plugin/bootstrap-3.3.5-dist/js/bootstrap.min.js HTTP/1.1" 304 - "http://localhost:3000/public/html/login?name=dsadsadas&password=sadsadas" "Mozilla/5.0 (Windows NT 6.1; WOW64) AppleWebKit/537.36 (KHTML, like Gecko) Chrome/49.0.2623.110 Safari/537.36"
[2016-08-22 21:34:18.899] [WARN] http - ::1 - - "GET /public/plugin/bootstrap-3.3.5-dist/css/bootstrap.min.css HTTP/1.1" 304 - "http://localhost:3000/public/html/login?name=dsadsadas&password=sadsadas" "Mozilla/5.0 (Windows NT 6.1; WOW64) AppleWebKit/537.36 (KHTML, like Gecko) Chrome/49.0.2623.110 Safari/537.36"
[2016-08-22 21:34:38.783] [INFO] http - ::1 - - "GET /public/html/index.html HTTP/1.1" 200 1546 "" "Mozilla/5.0 (Windows NT 6.1; WOW64) AppleWebKit/537.36 (KHTML, like Gecko) Chrome/49.0.2623.110 Safari/537.36"
[2016-08-22 21:34:38.970] [INFO] http - ::1 - - "GET /public/plugin/bootstrap-3.3.5-dist/css/bootstrap.min.css HTTP/1.1" 200 122544 "http://localhost:3000/public/html/index.html" "Mozilla/5.0 (Windows NT 6.1; WOW64) AppleWebKit/537.36 (KHTML, like Gecko) Chrome/49.0.2623.110 Safari/537.36"
[2016-08-22 21:34:40.607] [ERROR] http - ::1 - - "GET /public/html/index.js.map HTTP/1.1" 404 321 "" "Mozilla/5.0 (Windows NT 6.1; WOW64) AppleWebKit/537.36 (KHTML, like Gecko) Chrome/49.0.2623.110 Safari/537.36"
[2016-08-22 21:36:34.903] [INFO] http - ::1 - - "GET /public/html/index.html HTTP/1.1" 200 1546 "" "Mozilla/5.0 (Windows NT 6.1; WOW64) AppleWebKit/537.36 (KHTML, like Gecko) Chrome/49.0.2623.110 Safari/537.36"
[2016-08-22 21:36:35.079] [INFO] http - ::1 - - "GET /public/plugin/bootstrap-3.3.5-dist/css/bootstrap.min.css HTTP/1.1" 200 122544 "http://localhost:3000/public/html/index.html" "Mozilla/5.0 (Windows NT 6.1; WOW64) AppleWebKit/537.36 (KHTML, like Gecko) Chrome/49.0.2623.110 Safari/537.36"
[2016-08-22 21:36:38.856] [ERROR] http - ::1 - - "GET /public/html/index.js.map HTTP/1.1" 404 321 "" "Mozilla/5.0 (Windows NT 6.1; WOW64) AppleWebKit/537.36 (KHTML, like Gecko) Chrome/49.0.2623.110 Safari/537.36"
[2016-08-22 21:37:37.636] [INFO] http - ::1 - - "GET /public/html/index.html HTTP/1.1" 200 1545 "" "Mozilla/5.0 (Windows NT 6.1; WOW64) AppleWebKit/537.36 (KHTML, like Gecko) Chrome/49.0.2623.110 Safari/537.36"
[2016-08-22 21:37:38.063] [INFO] http - ::1 - - "GET /public/plugin/bootstrap-3.3.5-dist/css/bootstrap.min.css HTTP/1.1" 200 122544 "http://localhost:3000/public/html/index.html" "Mozilla/5.0 (Windows NT 6.1; WOW64) AppleWebKit/537.36 (KHTML, like Gecko) Chrome/49.0.2623.110 Safari/537.36"
[2016-08-22 21:37:40.378] [ERROR] http - ::1 - - "GET /public/html/index.js.map HTTP/1.1" 404 321 "" "Mozilla/5.0 (Windows NT 6.1; WOW64) AppleWebKit/537.36 (KHTML, like Gecko) Chrome/49.0.2623.110 Safari/537.36"
[2016-08-22 21:37:40.382] [INFO] http - ::1 - - "GET /public/html/index.html HTTP/1.1" 200 1545 "" "Mozilla/5.0 (Windows NT 6.1; WOW64) AppleWebKit/537.36 (KHTML, like Gecko) Chrome/49.0.2623.110 Safari/537.36"
[2016-08-22 21:37:40.540] [INFO] http - ::1 - - "GET /public/plugin/bootstrap-3.3.5-dist/css/bootstrap.min.css HTTP/1.1" 200 122544 "http://localhost:3000/public/html/index.html" "Mozilla/5.0 (Windows NT 6.1; WOW64) AppleWebKit/537.36 (KHTML, like Gecko) Chrome/49.0.2623.110 Safari/537.36"
[2016-08-22 21:37:42.079] [ERROR] http - ::1 - - "GET /public/html/index.js.map HTTP/1.1" 404 321 "" "Mozilla/5.0 (Windows NT 6.1; WOW64) AppleWebKit/537.36 (KHTML, like Gecko) Chrome/49.0.2623.110 Safari/537.36"
[2016-08-22 21:37:46.060] [ERROR] http - ::1 - - "POST /public/html/login HTTP/1.1" 404 321 "http://localhost:3000/public/html/index.html" "Mozilla/5.0 (Windows NT 6.1; WOW64) AppleWebKit/537.36 (KHTML, like Gecko) Chrome/49.0.2623.110 Safari/537.36"
[2016-08-22 21:37:46.265] [INFO] http - ::1 - - "GET /public/plugin/bootstrap-3.3.5-dist/css/bootstrap.min.css HTTP/1.1" 200 122544 "http://localhost:3000/public/html/login" "Mozilla/5.0 (Windows NT 6.1; WOW64) AppleWebKit/537.36 (KHTML, like Gecko) Chrome/49.0.2623.110 Safari/537.36"
[2016-08-22 21:37:46.297] [INFO] http - ::1 - - "GET /public/plugin/bootstrap-3.3.5-dist/js/bootstrap.min.js HTTP/1.1" 200 36822 "http://localhost:3000/public/html/login" "Mozilla/5.0 (Windows NT 6.1; WOW64) AppleWebKit/537.36 (KHTML, like Gecko) Chrome/49.0.2623.110 Safari/537.36"
[2016-08-22 21:37:47.889] [ERROR] http - ::1 - - "GET /public/html/index.js.map HTTP/1.1" 404 321 "" "Mozilla/5.0 (Windows NT 6.1; WOW64) AppleWebKit/537.36 (KHTML, like Gecko) Chrome/49.0.2623.110 Safari/537.36"
[2016-08-22 21:38:29.315] [ERROR] http - ::1 - - "POST /public/html/login HTTP/1.1" 404 321 "http://localhost:3000/public/html/index.html" "Mozilla/5.0 (Windows NT 6.1; WOW64) AppleWebKit/537.36 (KHTML, like Gecko) Chrome/49.0.2623.110 Safari/537.36"
[2016-08-22 21:38:29.560] [INFO] http - ::1 - - "GET /public/plugin/bootstrap-3.3.5-dist/css/bootstrap.min.css HTTP/1.1" 200 122544 "http://localhost:3000/public/html/login" "Mozilla/5.0 (Windows NT 6.1; WOW64) AppleWebKit/537.36 (KHTML, like Gecko) Chrome/49.0.2623.110 Safari/537.36"
[2016-08-22 21:38:29.584] [INFO] http - ::1 - - "GET /public/plugin/bootstrap-3.3.5-dist/js/bootstrap.min.js HTTP/1.1" 200 36822 "http://localhost:3000/public/html/login" "Mozilla/5.0 (Windows NT 6.1; WOW64) AppleWebKit/537.36 (KHTML, like Gecko) Chrome/49.0.2623.110 Safari/537.36"
[2016-08-22 21:38:29.801] [INFO] http - ::1 - - "GET /public/html/index.html HTTP/1.1" 200 1544 "" "Mozilla/5.0 (Windows NT 6.1; WOW64) AppleWebKit/537.36 (KHTML, like Gecko) Chrome/49.0.2623.110 Safari/537.36"
[2016-08-22 21:38:30.126] [INFO] http - ::1 - - "GET /public/plugin/bootstrap-3.3.5-dist/css/bootstrap.min.css HTTP/1.1" 200 122544 "http://localhost:3000/public/html/index.html" "Mozilla/5.0 (Windows NT 6.1; WOW64) AppleWebKit/537.36 (KHTML, like Gecko) Chrome/49.0.2623.110 Safari/537.36"
[2016-08-22 21:38:34.974] [ERROR] http - ::1 - - "GET /public/html/index.js.map HTTP/1.1" 404 321 "" "Mozilla/5.0 (Windows NT 6.1; WOW64) AppleWebKit/537.36 (KHTML, like Gecko) Chrome/49.0.2623.110 Safari/537.36"
[2016-08-22 21:41:47.374] [INFO] http - ::1 - - "GET /public/html/index.html HTTP/1.1" 200 1544 "" "Mozilla/5.0 (Windows NT 6.1; WOW64) AppleWebKit/537.36 (KHTML, like Gecko) Chrome/49.0.2623.110 Safari/537.36"
[2016-08-22 21:41:47.562] [INFO] http - ::1 - - "GET /public/plugin/bootstrap-3.3.5-dist/css/bootstrap.min.css HTTP/1.1" 200 122544 "http://localhost:3000/public/html/index.html" "Mozilla/5.0 (Windows NT 6.1; WOW64) AppleWebKit/537.36 (KHTML, like Gecko) Chrome/49.0.2623.110 Safari/537.36"
[2016-08-22 21:41:48.925] [ERROR] http - ::1 - - "GET /public/html/index.js.map HTTP/1.1" 404 321 "" "Mozilla/5.0 (Windows NT 6.1; WOW64) AppleWebKit/537.36 (KHTML, like Gecko) Chrome/49.0.2623.110 Safari/537.36"
[2016-08-22 21:41:52.033] [INFO] http - ::1 - - "GET /public/html/index.html HTTP/1.1" 200 1544 "" "Mozilla/5.0 (Windows NT 6.1; WOW64) AppleWebKit/537.36 (KHTML, like Gecko) Chrome/49.0.2623.110 Safari/537.36"
[2016-08-22 21:41:52.215] [INFO] http - ::1 - - "GET /public/plugin/bootstrap-3.3.5-dist/css/bootstrap.min.css HTTP/1.1" 200 122544 "http://localhost:3000/public/html/index.html" "Mozilla/5.0 (Windows NT 6.1; WOW64) AppleWebKit/537.36 (KHTML, like Gecko) Chrome/49.0.2623.110 Safari/537.36"
[2016-08-22 21:41:53.942] [ERROR] http - ::1 - - "GET /public/html/index.js.map HTTP/1.1" 404 321 "" "Mozilla/5.0 (Windows NT 6.1; WOW64) AppleWebKit/537.36 (KHTML, like Gecko) Chrome/49.0.2623.110 Safari/537.36"
[2016-08-22 21:42:58.886] [INFO] http - ::1 - - "POST /login HTTP/1.1" 200 0 "http://localhost:3000/public/html/index.html" "Mozilla/5.0 (Windows NT 6.1; WOW64) AppleWebKit/537.36 (KHTML, like Gecko) Chrome/49.0.2623.110 Safari/537.36"
[2016-08-22 21:42:59.694] [ERROR] http - ::1 - - "GET /index.js.map HTTP/1.1" 404 321 "" "Mozilla/5.0 (Windows NT 6.1; WOW64) AppleWebKit/537.36 (KHTML, like Gecko) Chrome/49.0.2623.110 Safari/537.36"
[2016-08-22 21:43:12.691] [INFO] http - ::1 - - "GET /public/html/index.html HTTP/1.1" 200 1544 "" "Mozilla/5.0 (Windows NT 6.1; WOW64) AppleWebKit/537.36 (KHTML, like Gecko) Chrome/49.0.2623.110 Safari/537.36"
[2016-08-22 21:43:12.925] [INFO] http - ::1 - - "GET /public/plugin/bootstrap-3.3.5-dist/css/bootstrap.min.css HTTP/1.1" 200 122544 "http://localhost:3000/public/html/index.html" "Mozilla/5.0 (Windows NT 6.1; WOW64) AppleWebKit/537.36 (KHTML, like Gecko) Chrome/49.0.2623.110 Safari/537.36"
[2016-08-22 21:43:14.378] [ERROR] http - ::1 - - "GET /public/html/index.js.map HTTP/1.1" 404 321 "" "Mozilla/5.0 (Windows NT 6.1; WOW64) AppleWebKit/537.36 (KHTML, like Gecko) Chrome/49.0.2623.110 Safari/537.36"
[2016-08-22 21:45:28.777] [INFO] http - ::1 - - "POST /login HTTP/1.1" 200 136 "http://localhost:3000/public/html/index.html" "Mozilla/5.0 (Windows NT 6.1; WOW64) AppleWebKit/537.36 (KHTML, like Gecko) Chrome/49.0.2623.110 Safari/537.36"
[2016-08-22 21:45:29.527] [ERROR] http - ::1 - - "GET /index.js.map HTTP/1.1" 404 321 "" "Mozilla/5.0 (Windows NT 6.1; WOW64) AppleWebKit/537.36 (KHTML, like Gecko) Chrome/49.0.2623.110 Safari/537.36"
[2016-08-22 22:17:22.301] [ERROR] http - ::1 - - "GET /public/html/index.html HTTP/1.1" 404 321 "" "Mozilla/5.0 (Windows NT 6.1; WOW64) AppleWebKit/537.36 (KHTML, like Gecko) Chrome/49.0.2623.110 Safari/537.36"
[2016-08-22 22:17:22.495] [INFO] http - ::1 - - "GET /public/plugin/bootstrap-3.3.5-dist/css/bootstrap.min.css HTTP/1.1" 200 122544 "http://localhost:3000/public/html/index.html" "Mozilla/5.0 (Windows NT 6.1; WOW64) AppleWebKit/537.36 (KHTML, like Gecko) Chrome/49.0.2623.110 Safari/537.36"
[2016-08-22 22:17:22.533] [INFO] http - ::1 - - "GET /public/plugin/bootstrap-3.3.5-dist/js/bootstrap.min.js HTTP/1.1" 200 36822 "http://localhost:3000/public/html/index.html" "Mozilla/5.0 (Windows NT 6.1; WOW64) AppleWebKit/537.36 (KHTML, like Gecko) Chrome/49.0.2623.110 Safari/537.36"
[2016-08-22 22:17:24.618] [ERROR] http - ::1 - - "GET /public/html/index.js.map HTTP/1.1" 404 321 "" "Mozilla/5.0 (Windows NT 6.1; WOW64) AppleWebKit/537.36 (KHTML, like Gecko) Chrome/49.0.2623.110 Safari/537.36"
[2016-08-22 22:17:29.629] [INFO] http - ::1 - - "GET /public/html/login.html HTTP/1.1" 200 1544 "" "Mozilla/5.0 (Windows NT 6.1; WOW64) AppleWebKit/537.36 (KHTML, like Gecko) Chrome/49.0.2623.110 Safari/537.36"
[2016-08-22 22:17:29.818] [INFO] http - ::1 - - "GET /public/plugin/bootstrap-3.3.5-dist/css/bootstrap.min.css HTTP/1.1" 200 122544 "http://localhost:3000/public/html/login.html" "Mozilla/5.0 (Windows NT 6.1; WOW64) AppleWebKit/537.36 (KHTML, like Gecko) Chrome/49.0.2623.110 Safari/537.36"
[2016-08-22 22:17:31.361] [ERROR] http - ::1 - - "GET /public/html/index.js.map HTTP/1.1" 404 321 "" "Mozilla/5.0 (Windows NT 6.1; WOW64) AppleWebKit/537.36 (KHTML, like Gecko) Chrome/49.0.2623.110 Safari/537.36"
[2016-08-22 22:18:33.245] [WARN] http - ::ffff:127.0.0.1 - - "POST /login HTTP/1.1" 302 120 "http://localhost:3000/public/html/login.html" "Mozilla/5.0 (Windows NT 6.1; WOW64) AppleWebKit/537.36 (KHTML, like Gecko) Chrome/49.0.2623.110 Safari/537.36"
[2016-08-22 22:18:33.265] [INFO] http - ::ffff:127.0.0.1 - - "GET /public/html/article_list.html HTTP/1.1" 200 1550 "http://localhost:3000/public/html/login.html" "Mozilla/5.0 (Windows NT 6.1; WOW64) AppleWebKit/537.36 (KHTML, like Gecko) Chrome/49.0.2623.110 Safari/537.36"
[2016-08-22 22:18:33.468] [INFO] http - ::ffff:127.0.0.1 - - "GET /public/plugin/bootstrap-3.3.5-dist/css/bootstrap.min.css HTTP/1.1" 200 122544 "http://localhost:3000/public/html/article_list.html" "Mozilla/5.0 (Windows NT 6.1; WOW64) AppleWebKit/537.36 (KHTML, like Gecko) Chrome/49.0.2623.110 Safari/537.36"
[2016-08-22 22:18:48.786] [ERROR] http - ::ffff:127.0.0.1 - - "GET /public/html/index.js.map HTTP/1.1" 404 321 "" "Mozilla/5.0 (Windows NT 6.1; WOW64) AppleWebKit/537.36 (KHTML, like Gecko) Chrome/49.0.2623.110 Safari/537.36"
[2016-08-22 22:21:33.683] [INFO] http - ::1 - - "GET /public/html/article_list.html HTTP/1.1" 200 1006 "http://localhost:3000/public/html/login.html" "Mozilla/5.0 (Windows NT 6.1; WOW64) AppleWebKit/537.36 (KHTML, like Gecko) Chrome/49.0.2623.110 Safari/537.36"
[2016-08-22 22:21:33.889] [INFO] http - ::1 - - "GET /public/plugin/bootstrap-3.3.5-dist/css/bootstrap.min.css HTTP/1.1" 200 122544 "http://localhost:3000/public/html/article_list.html" "Mozilla/5.0 (Windows NT 6.1; WOW64) AppleWebKit/537.36 (KHTML, like Gecko) Chrome/49.0.2623.110 Safari/537.36"
[2016-08-22 22:21:35.903] [ERROR] http - ::1 - - "GET /public/html/index.js.map HTTP/1.1" 404 321 "" "Mozilla/5.0 (Windows NT 6.1; WOW64) AppleWebKit/537.36 (KHTML, like Gecko) Chrome/49.0.2623.110 Safari/537.36"
[2016-08-22 22:22:02.536] [INFO] http - ::1 - - "GET /public/html/article_list.html HTTP/1.1" 200 998 "http://localhost:3000/public/html/login.html" "Mozilla/5.0 (Windows NT 6.1; WOW64) AppleWebKit/537.36 (KHTML, like Gecko) Chrome/49.0.2623.110 Safari/537.36"
[2016-08-22 22:22:02.743] [INFO] http - ::1 - - "GET /public/plugin/bootstrap-3.3.5-dist/css/bootstrap.min.css HTTP/1.1" 200 122544 "http://localhost:3000/public/html/article_list.html" "Mozilla/5.0 (Windows NT 6.1; WOW64) AppleWebKit/537.36 (KHTML, like Gecko) Chrome/49.0.2623.110 Safari/537.36"
[2016-08-22 22:22:04.837] [ERROR] http - ::1 - - "GET /public/html/index.js.map HTTP/1.1" 404 321 "" "Mozilla/5.0 (Windows NT 6.1; WOW64) AppleWebKit/537.36 (KHTML, like Gecko) Chrome/49.0.2623.110 Safari/537.36"
[2016-08-22 22:22:11.889] [WARN] http - ::1 - - "GET /public/html/article_list.html HTTP/1.1" 304 - "http://localhost:3000/public/html/login.html" "Mozilla/5.0 (Windows NT 6.1; WOW64) AppleWebKit/537.36 (KHTML, like Gecko) Chrome/49.0.2623.110 Safari/537.36"
[2016-08-22 22:22:12.035] [WARN] http - ::1 - - "GET /public/plugin/bootstrap-3.3.5-dist/css/bootstrap.min.css HTTP/1.1" 304 - "http://localhost:3000/public/html/article_list.html" "Mozilla/5.0 (Windows NT 6.1; WOW64) AppleWebKit/537.36 (KHTML, like Gecko) Chrome/49.0.2623.110 Safari/537.36"
[2016-08-22 22:25:07.352] [INFO] http - ::1 - - "GET /public/html/article.html HTTP/1.1" 200 1317 "" "Mozilla/5.0 (Windows NT 6.1; WOW64) AppleWebKit/537.36 (KHTML, like Gecko) Chrome/49.0.2623.110 Safari/537.36"
[2016-08-22 22:25:07.450] [WARN] http - ::1 - - "GET /public/plugin/bootstrap-3.3.5-dist/css/bootstrap.min.css HTTP/1.1" 304 - "http://localhost:3000/public/html/article.html" "Mozilla/5.0 (Windows NT 6.1; WOW64) AppleWebKit/537.36 (KHTML, like Gecko) Chrome/49.0.2623.110 Safari/537.36"
[2016-08-22 22:26:12.273] [INFO] http - ::1 - - "GET /public/html/article.html HTTP/1.1" 200 1369 "" "Mozilla/5.0 (Windows NT 6.1; WOW64) AppleWebKit/537.36 (KHTML, like Gecko) Chrome/49.0.2623.110 Safari/537.36"
[2016-08-22 22:26:12.359] [WARN] http - ::1 - - "GET /public/plugin/bootstrap-3.3.5-dist/css/bootstrap.min.css HTTP/1.1" 304 - "http://localhost:3000/public/html/article.html" "Mozilla/5.0 (Windows NT 6.1; WOW64) AppleWebKit/537.36 (KHTML, like Gecko) Chrome/49.0.2623.110 Safari/537.36"
[2016-08-22 22:39:02.734] [INFO] http - ::1 - - "GET /public/html/article.html HTTP/1.1" 200 2546 "" "Mozilla/5.0 (Windows NT 6.1; WOW64) AppleWebKit/537.36 (KHTML, like Gecko) Chrome/49.0.2623.110 Safari/537.36"
[2016-08-22 22:39:03.956] [ERROR] http - ::1 - - "GET /public/html/... HTTP/1.1" 404 321 "http://localhost:3000/public/html/article.html" "Mozilla/5.0 (Windows NT 6.1; WOW64) AppleWebKit/537.36 (KHTML, like Gecko) Chrome/49.0.2623.110 Safari/537.36"
[2016-08-22 22:39:03.960] [WARN] http - ::1 - - "GET /public/plugin/bootstrap-3.3.5-dist/css/bootstrap.min.css HTTP/1.1" 304 - "http://localhost:3000/public/html/article.html" "Mozilla/5.0 (Windows NT 6.1; WOW64) AppleWebKit/537.36 (KHTML, like Gecko) Chrome/49.0.2623.110 Safari/537.36"
[2016-08-22 22:39:39.750] [INFO] http - ::1 - - "GET /public/html/article.html HTTP/1.1" 200 2969 "" "Mozilla/5.0 (Windows NT 6.1; WOW64) AppleWebKit/537.36 (KHTML, like Gecko) Chrome/49.0.2623.110 Safari/537.36"
[2016-08-22 22:39:41.014] [ERROR] http - ::1 - - "GET /public/html/... HTTP/1.1" 404 321 "http://localhost:3000/public/html/article.html" "Mozilla/5.0 (Windows NT 6.1; WOW64) AppleWebKit/537.36 (KHTML, like Gecko) Chrome/49.0.2623.110 Safari/537.36"
[2016-08-22 22:39:41.015] [WARN] http - ::1 - - "GET /public/plugin/bootstrap-3.3.5-dist/css/bootstrap.min.css HTTP/1.1" 304 - "http://localhost:3000/public/html/article.html" "Mozilla/5.0 (Windows NT 6.1; WOW64) AppleWebKit/537.36 (KHTML, like Gecko) Chrome/49.0.2623.110 Safari/537.36"
[2016-08-22 22:40:14.783] [INFO] http - ::1 - - "GET /public/html/article.html HTTP/1.1" 200 3071 "" "Mozilla/5.0 (Windows NT 6.1; WOW64) AppleWebKit/537.36 (KHTML, like Gecko) Chrome/49.0.2623.110 Safari/537.36"
[2016-08-22 22:40:15.970] [ERROR] http - ::1 - - "GET /public/html/... HTTP/1.1" 404 321 "http://localhost:3000/public/html/article.html" "Mozilla/5.0 (Windows NT 6.1; WOW64) AppleWebKit/537.36 (KHTML, like Gecko) Chrome/49.0.2623.110 Safari/537.36"
[2016-08-22 22:40:15.973] [WARN] http - ::1 - - "GET /public/plugin/bootstrap-3.3.5-dist/css/bootstrap.min.css HTTP/1.1" 304 - "http://localhost:3000/public/html/article.html" "Mozilla/5.0 (Windows NT 6.1; WOW64) AppleWebKit/537.36 (KHTML, like Gecko) Chrome/49.0.2623.110 Safari/537.36"
[2016-08-22 22:40:34.550] [WARN] http - ::1 - - "GET /public/html/article.html HTTP/1.1" 304 - "" "Mozilla/5.0 (Windows NT 6.1; WOW64) AppleWebKit/537.36 (KHTML, like Gecko) Chrome/49.0.2623.110 Safari/537.36"
[2016-08-22 22:40:35.394] [ERROR] http - ::1 - - "GET /public/html/... HTTP/1.1" 404 321 "http://localhost:3000/public/html/article.html" "Mozilla/5.0 (Windows NT 6.1; WOW64) AppleWebKit/537.36 (KHTML, like Gecko) Chrome/49.0.2623.110 Safari/537.36"
[2016-08-22 22:40:35.395] [WARN] http - ::1 - - "GET /public/plugin/bootstrap-3.3.5-dist/css/bootstrap.min.css HTTP/1.1" 304 - "http://localhost:3000/public/html/article.html" "Mozilla/5.0 (Windows NT 6.1; WOW64) AppleWebKit/537.36 (KHTML, like Gecko) Chrome/49.0.2623.110 Safari/537.36"
